<?xml version="1.0" encoding="UTF-8"?>
<!-- Generated by org.testng.reporters.JUnitReportReporter -->
<testsuite hostname="Naveens-MacBook-Pro.local" name="com.training.testrunner.TestRunnerTestNG" tests="1" failures="0" timestamp="22 Jun 2020 08:06:47 GMT" time="0.111" errors="0">
  <testcase name="feature" time="0.111" classname="com.training.testrunner.TestRunnerTestNG"/>
</testsuite> <!-- com.training.testrunner.TestRunnerTestNG -->
