<?xml version="1.0" encoding="UTF-8"?>
<!-- Generated by org.testng.reporters.JUnitReportReporter -->
<testsuite hostname="Naveens-MacBook-Pro.local" failures="0" tests="1" name="com.training.tests.JavaScriptScrollTest" time="1.067" errors="0" timestamp="26 Jun 2020 06:26:04 GMT" skipped="0">
  <testcase classname="com.training.tests.JavaScriptScrollTest" name="test" time="1.067"/>
</testsuite> <!-- com.training.tests.JavaScriptScrollTest -->
