<?xml version="1.0" encoding="UTF-8"?>
<!-- Generated by org.testng.reporters.JUnitReportReporter -->
<testsuite hostname="Naveens-MacBook-Pro.local" failures="0" tests="3" name="com.training.tests.ParameterizationDataproviderTest" time="0.010" errors="0" timestamp="26 Jun 2020 07:34:43 GMT" skipped="0">
  <testcase classname="com.training.tests.ParameterizationDataproviderTest" name="myTest" time="0.001"/>
  <testcase classname="com.training.tests.ParameterizationDataproviderTest" name="myTest" time="0.002"/>
  <testcase classname="com.training.tests.ParameterizationDataproviderTest" name="myTest" time="0.007"/>
</testsuite> <!-- com.training.tests.ParameterizationDataproviderTest -->
