<?xml version="1.0" encoding="UTF-8"?>
<!-- Generated by org.testng.reporters.JUnitReportReporter -->
<testsuite hostname="Naveens-MacBook-Pro.local" failures="0" tests="1" name="com.training.tests.RegFormTest1" time="22.118" errors="0" timestamp="26 Jun 2020 06:56:18 GMT" skipped="0">
  <testcase classname="com.training.tests.RegFormTest1" name="bookingTicket" time="22.118"/>
</testsuite> <!-- com.training.tests.RegFormTest1 -->
