<?xml version="1.0" encoding="UTF-8"?>
<!-- Generated by org.testng.reporters.JUnitReportReporter -->
<testsuite hostname="Naveens-MacBook-Pro.local" failures="0" tests="2" name="com.training.tests.ActionClassTest" time="70.410" errors="0" timestamp="26 Jun 2020 06:43:53 GMT" skipped="1">
  <testcase classname="com.training.tests.ActionClassTest" name="test2" time="70.410"/>
  <testcase classname="com.training.tests.ActionClassTest" name="test1">
    <skipped/>
  </testcase> <!-- test1 -->
</testsuite> <!-- com.training.tests.ActionClassTest -->
