<?xml version="1.0" encoding="UTF-8"?>
<!-- Generated by org.testng.reporters.JUnitReportReporter -->
<testsuite hostname="Naveens-MacBook-Pro.local" failures="0" tests="1" name="com.training.tests.ExpediatTest" time="21.841" errors="0" timestamp="26 Jun 2020 05:28:56 GMT" skipped="0">
  <testcase classname="com.training.tests.ExpediatTest" name="bookingTicket" time="21.841"/>
</testsuite> <!-- com.training.tests.ExpediatTest -->
